<?xml version="1.0" encoding="UTF-8"?>
<!-- Generated by org.testng.reporters.JUnitReportReporter -->
<testsuite hostname="DESKTOP-J0C4B0O" failures="0" tests="4" name="lec11.Selenium.LearnAssertion" time="0.011" errors="0" timestamp="2024-09-10T12:14:13 EDT" skipped="1">
  <testcase classname="lec11.Selenium.LearnAssertion" name="testDivision" time="0.007"/>
  <testcase classname="lec11.Selenium.LearnAssertion" name="testSubtraction" time="0.002"/>
  <testcase classname="lec11.Selenium.LearnAssertion" name="testMultioplication" time="0.002"/>
  <testcase classname="lec11.Selenium.LearnAssertion" name="testAddition">
    <skipped/>
  </testcase> <!-- testAddition -->
</testsuite> <!-- lec11.Selenium.LearnAssertion -->
