<?xml version="1.0" encoding="UTF-8"?>
<!-- Generated by org.testng.reporters.JUnitReportReporter -->
<testsuite hostname="DESKTOP-J0C4B0O" failures="0" tests="1" name="testAPI.DummyTest" time="0.017" errors="0" timestamp="2024-08-20T13:49:15 EDT" skipped="0">
  <testcase classname="testAPI.DummyTest" name="dummyTest" time="0.017"/>
</testsuite> <!-- testAPI.DummyTest -->
